

Started GET "/" for 127.0.0.1 at 2018-04-16 18:51:48 -0400

ActiveRecord::PendingMigrationError (

Migrations are pending. To resolve this issue, run:

	bin/rake db:migrate RAILS_ENV=development

):
  activerecord (4.2.10) lib/active_record/migration.rb:392:in `check_pending!'
  activerecord (4.2.10) lib/active_record/migration.rb:373:in `call'
  actionpack (4.2.10) lib/action_dispatch/middleware/callbacks.rb:29:in `block in call'
  activesupport (4.2.10) lib/active_support/callbacks.rb:88:in `__run_callbacks__'
  activesupport (4.2.10) lib/active_support/callbacks.rb:778:in `_run_call_callbacks'
  activesupport (4.2.10) lib/active_support/callbacks.rb:81:in `run_callbacks'
  actionpack (4.2.10) lib/action_dispatch/middleware/callbacks.rb:27:in `call'
  actionpack (4.2.10) lib/action_dispatch/middleware/reloader.rb:73:in `call'
  actionpack (4.2.10) lib/action_dispatch/middleware/remote_ip.rb:78:in `call'
  actionpack (4.2.10) lib/action_dispatch/middleware/debug_exceptions.rb:17:in `call'
  actionpack (4.2.10) lib/action_dispatch/middleware/show_exceptions.rb:30:in `call'
  railties (4.2.10) lib/rails/rack/logger.rb:38:in `call_app'
  railties (4.2.10) lib/rails/rack/logger.rb:20:in `block in call'
  activesupport (4.2.10) lib/active_support/tagged_logging.rb:68:in `block in tagged'
  activesupport (4.2.10) lib/active_support/tagged_logging.rb:26:in `tagged'
  activesupport (4.2.10) lib/active_support/tagged_logging.rb:68:in `tagged'
  railties (4.2.10) lib/rails/rack/logger.rb:20:in `call'
  quiet_assets (1.1.0) lib/quiet_assets.rb:27:in `call_with_quiet_assets'
  actionpack (4.2.10) lib/action_dispatch/middleware/request_id.rb:21:in `call'
  rack (1.6.9) lib/rack/methodoverride.rb:22:in `call'
  rack (1.6.9) lib/rack/runtime.rb:18:in `call'
  activesupport (4.2.10) lib/active_support/cache/strategy/local_cache_middleware.rb:28:in `call'
  rack (1.6.9) lib/rack/lock.rb:17:in `call'
  actionpack (4.2.10) lib/action_dispatch/middleware/static.rb:120:in `call'
  rack (1.6.9) lib/rack/sendfile.rb:113:in `call'
  railties (4.2.10) lib/rails/engine.rb:518:in `call'
  railties (4.2.10) lib/rails/application.rb:165:in `call'
  rack (1.6.9) lib/rack/lock.rb:17:in `call'
  rack (1.6.9) lib/rack/content_length.rb:15:in `call'
  rack (1.6.9) lib/rack/handler/webrick.rb:88:in `service'
  /usr/share/rvm/rubies/ruby-2.4.1/lib/ruby/2.4.0/webrick/httpserver.rb:140:in `service'
  /usr/share/rvm/rubies/ruby-2.4.1/lib/ruby/2.4.0/webrick/httpserver.rb:96:in `run'
  /usr/share/rvm/rubies/ruby-2.4.1/lib/ruby/2.4.0/webrick/server.rb:290:in `block in start_thread'


  Rendered /home/andrew/.rvm/gems/ruby-2.4.1/gems/actionpack-4.2.10/lib/action_dispatch/middleware/templates/rescues/_source.erb (2.8ms)
  Rendered /home/andrew/.rvm/gems/ruby-2.4.1/gems/actionpack-4.2.10/lib/action_dispatch/middleware/templates/rescues/_trace.html.erb (1.0ms)
  Rendered /home/andrew/.rvm/gems/ruby-2.4.1/gems/actionpack-4.2.10/lib/action_dispatch/middleware/templates/rescues/_request_and_response.html.erb (0.9ms)
  Rendered /home/andrew/.rvm/gems/ruby-2.4.1/gems/actionpack-4.2.10/lib/action_dispatch/middleware/templates/rescues/diagnostics.html.erb within rescues/layout (17.6ms)
  [1m[36m (18.9ms)[0m  [1mCREATE TABLE "schema_migrations" ("version" varchar NOT NULL) [0m
  [1m[35m (0.1ms)[0m  select sqlite_version(*)
  [1m[36m (18.3ms)[0m  [1mCREATE UNIQUE INDEX "unique_schema_migrations" ON "schema_migrations" ("version")[0m
  [1m[35mActiveRecord::SchemaMigration Load (0.1ms)[0m  SELECT "schema_migrations".* FROM "schema_migrations"
Migrating to CreatePosts (20180416182457)
  [1m[36m (0.0ms)[0m  [1mbegin transaction[0m
  [1m[35m (0.2ms)[0m  CREATE TABLE "posts" ("id" INTEGER PRIMARY KEY AUTOINCREMENT NOT NULL, "title" varchar, "url" varchar, "description" text, "user_id" integer) 
  [1m[36mSQL (0.1ms)[0m  [1mINSERT INTO "schema_migrations" ("version") VALUES (?)[0m  [["version", "20180416182457"]]
  [1m[35m (18.7ms)[0m  commit transaction
Migrating to CreateUsers (20180416183321)
  [1m[36m (0.1ms)[0m  [1mbegin transaction[0m
DEPRECATION WARNING: `#timestamps` was called without specifying an option for `null`. In Rails 5, this behavior will change to `null: false`. You should manually specify `null: true` to prevent the behavior of your existing migrations from changing. (called from block in change at /home/andrew/ruby-projects/postit/db/migrate/20180416183321_create_users.rb:5)
  [1m[35m (0.2ms)[0m  CREATE TABLE "users" ("id" INTEGER PRIMARY KEY AUTOINCREMENT NOT NULL, "username" varchar, "created_at" datetime, "updated_at" datetime) 
  [1m[36mSQL (0.1ms)[0m  [1mINSERT INTO "schema_migrations" ("version") VALUES (?)[0m  [["version", "20180416183321"]]
  [1m[35m (19.3ms)[0m  commit transaction
Migrating to AddTimestampsToPosts (20180416185542)
  [1m[36m (0.0ms)[0m  [1mbegin transaction[0m
  [1m[35m (0.2ms)[0m  ALTER TABLE "posts" ADD "created_at" datetime
  [1m[36m (0.1ms)[0m  [1mALTER TABLE "posts" ADD "updated_at" datetime[0m
  [1m[35mSQL (0.1ms)[0m  INSERT INTO "schema_migrations" ("version") VALUES (?)  [["version", "20180416185542"]]
  [1m[36m (14.8ms)[0m  [1mcommit transaction[0m
Migrating to CreateComments (20180416190743)
  [1m[35m (0.1ms)[0m  begin transaction
DEPRECATION WARNING: `#timestamps` was called without specifying an option for `null`. In Rails 5, this behavior will change to `null: false`. You should manually specify `null: true` to prevent the behavior of your existing migrations from changing. (called from block in change at /home/andrew/ruby-projects/postit/db/migrate/20180416190743_create_comments.rb:6)
  [1m[36m (0.3ms)[0m  [1mCREATE TABLE "comments" ("id" INTEGER PRIMARY KEY AUTOINCREMENT NOT NULL, "body" text, "user_id" integer, "post_id" integer, "created_at" datetime, "updated_at" datetime) [0m
  [1m[35mSQL (0.2ms)[0m  INSERT INTO "schema_migrations" ("version") VALUES (?)  [["version", "20180416190743"]]
  [1m[36m (16.8ms)[0m  [1mcommit transaction[0m
  [1m[35mActiveRecord::SchemaMigration Load (0.1ms)[0m  SELECT "schema_migrations".* FROM "schema_migrations"


Started GET "/" for 127.0.0.1 at 2018-04-16 18:52:12 -0400
  [1m[36mActiveRecord::SchemaMigration Load (0.1ms)[0m  [1mSELECT "schema_migrations".* FROM "schema_migrations"[0m
Processing by PostsController#index as HTML
  Rendered posts/index.html.erb within layouts/application (0.7ms)
  Rendered layouts/_navigation.html.erb (0.4ms)
  Rendered layouts/_messages.html.erb (0.3ms)
Completed 200 OK in 820ms (Views: 813.0ms | ActiveRecord: 0.0ms)
  [1m[36m (0.1ms)[0m  [1mbegin transaction[0m
  [1m[35mSQL (0.3ms)[0m  INSERT INTO "users" ("username", "created_at", "updated_at") VALUES (?, ?, ?)  [["username", "Nick"], ["created_at", "2018-04-16 23:03:59.747136"], ["updated_at", "2018-04-16 23:03:59.747136"]]
  [1m[36m (15.1ms)[0m  [1mcommit transaction[0m
  [1m[35mUser Load (0.3ms)[0m  SELECT  "users".* FROM "users"  ORDER BY "users"."id" ASC LIMIT 1
  [1m[36mUser Load (0.4ms)[0m  [1mSELECT  "users".* FROM "users"  ORDER BY "users"."id" ASC LIMIT 1[0m
  [1m[35mPost Load (0.1ms)[0m  SELECT "posts".* FROM "posts" WHERE "posts"."user_id" = ?  [["user_id", 1]]
  [1m[36m (0.1ms)[0m  [1mbegin transaction[0m
  [1m[35mSQL (0.3ms)[0m  INSERT INTO "posts" ("title", "url", "description", "created_at", "updated_at") VALUES (?, ?, ?, ?, ?)  [["title", "test post"], ["url", "example.com"], ["description", "hi there"], ["created_at", "2018-04-16 23:06:34.226443"], ["updated_at", "2018-04-16 23:06:34.226443"]]
  [1m[36m (15.3ms)[0m  [1mcommit transaction[0m
  [1m[35mUser Load (0.4ms)[0m  SELECT  "users".* FROM "users"  ORDER BY "users"."id" ASC LIMIT 1
  [1m[36mPost Load (0.2ms)[0m  [1mSELECT "posts".* FROM "posts" WHERE "posts"."user_id" = ?[0m  [["user_id", 1]]
  [1m[35mUser Load (0.2ms)[0m  SELECT  "users".* FROM "users"  ORDER BY "users"."id" ASC LIMIT 1
  [1m[36m (0.1ms)[0m  [1mbegin transaction[0m
  [1m[35mSQL (0.3ms)[0m  UPDATE "posts" SET "user_id" = ?, "updated_at" = ? WHERE "posts"."id" = ?  [["user_id", 1], ["updated_at", "2018-04-16 23:06:48.835284"], ["id", 1]]
  [1m[36m (14.9ms)[0m  [1mcommit transaction[0m
  [1m[35mPost Load (0.1ms)[0m  SELECT "posts".* FROM "posts" WHERE "posts"."user_id" = ?  [["user_id", 1]]
  [1m[36m (0.1ms)[0m  [1mbegin transaction[0m
  [1m[35mSQL (0.2ms)[0m  INSERT INTO "comments" ("body", "created_at", "updated_at") VALUES (?, ?, ?)  [["body", "another comment"], ["created_at", "2018-04-16 23:07:50.462001"], ["updated_at", "2018-04-16 23:07:50.462001"]]
  [1m[36m (22.9ms)[0m  [1mcommit transaction[0m
  [1m[35mComment Load (0.5ms)[0m  SELECT "comments".* FROM "comments" WHERE "comments"."post_id" = ?  [["post_id", 1]]
  [1m[36m (0.1ms)[0m  [1mbegin transaction[0m
  [1m[35mSQL (0.2ms)[0m  UPDATE "comments" SET "post_id" = ?, "updated_at" = ? WHERE "comments"."id" = ?  [["post_id", 1], ["updated_at", "2018-04-16 23:08:02.529291"], ["id", 1]]
  [1m[36m (22.7ms)[0m  [1mcommit transaction[0m
  [1m[36mActiveRecord::SchemaMigration Load (0.1ms)[0m  [1mSELECT "schema_migrations".* FROM "schema_migrations"[0m
Migrating to CreateCategories (20180416231314)
  [1m[35m (0.1ms)[0m  begin transaction
DEPRECATION WARNING: `#timestamps` was called without specifying an option for `null`. In Rails 5, this behavior will change to `null: false`. You should manually specify `null: true` to prevent the behavior of your existing migrations from changing. (called from block in change at /home/andrew/ruby-projects/postit/db/migrate/20180416231314_create_categories.rb:6)
  [1m[36m (0.4ms)[0m  [1mCREATE TABLE "categories" ("id" INTEGER PRIMARY KEY AUTOINCREMENT NOT NULL, "name" varchar, "created_at" datetime, "updated_at" datetime) [0m
  [1m[35mSQL (0.1ms)[0m  INSERT INTO "schema_migrations" ("version") VALUES (?)  [["version", "20180416231314"]]
  [1m[36m (16.8ms)[0m  [1mcommit transaction[0m
  [1m[35mActiveRecord::SchemaMigration Load (0.1ms)[0m  SELECT "schema_migrations".* FROM "schema_migrations"
  [1m[36mActiveRecord::SchemaMigration Load (0.3ms)[0m  [1mSELECT "schema_migrations".* FROM "schema_migrations"[0m
Migrating to CreatePostCategories (20180416232438)
  [1m[35m (0.0ms)[0m  begin transaction
DEPRECATION WARNING: `#timestamps` was called without specifying an option for `null`. In Rails 5, this behavior will change to `null: false`. You should manually specify `null: true` to prevent the behavior of your existing migrations from changing. (called from block in change at /home/andrew/ruby-projects/postit/db/migrate/20180416232438_create_post_categories.rb:5)
  [1m[36m (0.2ms)[0m  [1mCREATE TABLE "post_categories" ("id" INTEGER PRIMARY KEY AUTOINCREMENT NOT NULL, "category_id" integer, "post_id" integer, "created_at" datetime, "updated_at" datetime) [0m
  [1m[35mSQL (0.1ms)[0m  INSERT INTO "schema_migrations" ("version") VALUES (?)  [["version", "20180416232438"]]
  [1m[36m (19.6ms)[0m  [1mcommit transaction[0m
  [1m[35mActiveRecord::SchemaMigration Load (0.1ms)[0m  SELECT "schema_migrations".* FROM "schema_migrations"
  [1m[36mCategory Load (0.1ms)[0m  [1mSELECT  "categories".* FROM "categories"  ORDER BY "categories"."id" ASC LIMIT 1[0m
  [1m[35m (0.1ms)[0m  begin transaction
  [1m[36mSQL (0.4ms)[0m  [1mINSERT INTO "categories" ("name", "created_at", "updated_at") VALUES (?, ?, ?)[0m  [["name", "News"], ["created_at", "2018-04-16 23:35:45.016126"], ["updated_at", "2018-04-16 23:35:45.016126"]]
  [1m[35m (15.1ms)[0m  commit transaction
  [1m[36mPostCategory Load (0.1ms)[0m  [1mSELECT  "post_categories".* FROM "post_categories"  ORDER BY "post_categories"."id" ASC LIMIT 1[0m
  [1m[35mPostCategory Load (0.1ms)[0m  SELECT "post_categories".* FROM "post_categories" WHERE "post_categories"."category_id" = ?  [["category_id", 1]]
  [1m[36m (0.1ms)[0m  [1mbegin transaction[0m
  [1m[35m (0.1ms)[0m  rollback transaction
  [1m[36mPostCategory Load (0.3ms)[0m  [1mSELECT  "post_categories".* FROM "post_categories"  ORDER BY "post_categories"."id" ASC LIMIT 1[0m
  [1m[35m (0.1ms)[0m  begin transaction
  [1m[36m (0.1ms)[0m  [1mrollback transaction[0m
  [1m[35mPostCategory Load (0.2ms)[0m  SELECT  "post_categories".* FROM "post_categories"  ORDER BY "post_categories"."id" ASC LIMIT 1
  [1m[36mPostCategory Load (0.2ms)[0m  [1mSELECT  "post_categories".* FROM "post_categories"  ORDER BY "post_categories"."id" ASC LIMIT 1[0m
  [1m[36mPost Load (0.1ms)[0m  [1mSELECT  "posts".* FROM "posts"  ORDER BY "posts"."id" ASC LIMIT 1[0m
  [1m[35mCategory Load (0.1ms)[0m  SELECT "categories".* FROM "categories" INNER JOIN "post_categories" ON "categories"."id" = "post_categories"."category_id" WHERE "post_categories"."post_id" = ?  [["post_id", 1]]
  [1m[36m (0.1ms)[0m  [1mbegin transaction[0m
  [1m[35mSQL (0.4ms)[0m  INSERT INTO "categories" ("name", "created_at", "updated_at") VALUES (?, ?, ?)  [["name", "Sports"], ["created_at", "2018-04-16 23:46:00.807459"], ["updated_at", "2018-04-16 23:46:00.807459"]]
  [1m[36m (16.2ms)[0m  [1mcommit transaction[0m
  [1m[35mCategory Load (0.1ms)[0m  SELECT  "categories".* FROM "categories" WHERE "categories"."id" = ? LIMIT 1  [["id", 1]]
  [1m[36mCategory Load (0.1ms)[0m  [1mSELECT  "categories".* FROM "categories" WHERE "categories"."id" = ? LIMIT 1[0m  [["id", 2]]
  [1m[35m (0.1ms)[0m  begin transaction
  [1m[36mSQL (0.5ms)[0m  [1mINSERT INTO "post_categories" ("post_id", "category_id", "created_at", "updated_at") VALUES (?, ?, ?, ?)[0m  [["post_id", 1], ["category_id", 2], ["created_at", "2018-04-16 23:46:44.142123"], ["updated_at", "2018-04-16 23:46:44.142123"]]
  [1m[35m (14.1ms)[0m  commit transaction
  [1m[36m (0.1ms)[0m  [1mbegin transaction[0m
  [1m[35mSQL (0.2ms)[0m  INSERT INTO "post_categories" ("post_id", "category_id", "created_at", "updated_at") VALUES (?, ?, ?, ?)  [["post_id", 1], ["category_id", 1], ["created_at", "2018-04-16 23:47:07.920217"], ["updated_at", "2018-04-16 23:47:07.920217"]]
  [1m[36m (15.7ms)[0m  [1mcommit transaction[0m
  [1m[35m (0.1ms)[0m  begin transaction
  [1m[36mSQL (0.2ms)[0m  [1mINSERT INTO "posts" ("title", "created_at", "updated_at") VALUES (?, ?, ?)[0m  [["title", "my second post"], ["created_at", "2018-04-16 23:47:29.363309"], ["updated_at", "2018-04-16 23:47:29.363309"]]
  [1m[35m (16.0ms)[0m  commit transaction
  [1m[36m (0.1ms)[0m  [1mbegin transaction[0m
  [1m[35mSQL (0.4ms)[0m  INSERT INTO "post_categories" ("post_id", "category_id", "created_at", "updated_at") VALUES (?, ?, ?, ?)  [["post_id", 2], ["category_id", 2], ["created_at", "2018-04-16 23:47:36.742979"], ["updated_at", "2018-04-16 23:47:36.742979"]]
  [1m[36m (24.7ms)[0m  [1mcommit transaction[0m
  [1m[35mCategory Load (0.1ms)[0m  SELECT "categories".* FROM "categories" INNER JOIN "post_categories" ON "categories"."id" = "post_categories"."category_id" WHERE "post_categories"."post_id" = ?  [["post_id", 2]]
  [1m[36m (0.1ms)[0m  [1mSELECT COUNT(*) FROM "posts" INNER JOIN "post_categories" ON "posts"."id" = "post_categories"."post_id" WHERE "post_categories"."category_id" = ?[0m  [["category_id", 2]]
  [1m[35mPost Load (0.2ms)[0m  SELECT "posts".* FROM "posts" INNER JOIN "post_categories" ON "posts"."id" = "post_categories"."post_id" WHERE "post_categories"."category_id" = ?  [["category_id", 2]]


Started GET "/" for 127.0.0.1 at 2018-04-16 20:51:37 -0400
  [1m[36mActiveRecord::SchemaMigration Load (0.3ms)[0m  [1mSELECT "schema_migrations".* FROM "schema_migrations"[0m
Processing by PostsController#index as HTML
  Rendered posts/index.html.erb within layouts/application (0.8ms)
  Rendered layouts/_navigation.html.erb (0.8ms)
  Rendered layouts/_messages.html.erb (0.7ms)
Completed 200 OK in 94ms (Views: 82.2ms | ActiveRecord: 0.0ms)


Started GET "/" for 127.0.0.1 at 2018-04-16 20:54:05 -0400
Processing by PostsController#index as HTML
  [1m[35mPost Load (0.2ms)[0m  SELECT "posts".* FROM "posts"
  Rendered posts/index.html.erb within layouts/application (6.4ms)
  Rendered layouts/_navigation.html.erb (0.2ms)
  Rendered layouts/_messages.html.erb (0.0ms)
Completed 200 OK in 12ms (Views: 11.0ms | ActiveRecord: 0.5ms)


Started GET "/" for 127.0.0.1 at 2018-04-16 20:55:24 -0400
Processing by PostsController#index as HTML
  [1m[36mPost Load (0.1ms)[0m  [1mSELECT "posts".* FROM "posts"[0m
  Rendered posts/index.html.erb within layouts/application (1.2ms)
  Rendered layouts/_navigation.html.erb (0.3ms)
  Rendered layouts/_messages.html.erb (0.1ms)
Completed 200 OK in 7ms (Views: 6.1ms | ActiveRecord: 0.1ms)


Started GET "/" for 127.0.0.1 at 2018-04-16 20:58:04 -0400
Processing by PostsController#index as HTML
  [1m[35mPost Load (0.2ms)[0m  SELECT "posts".* FROM "posts"
  [1m[36mUser Load (0.2ms)[0m  [1mSELECT  "users".* FROM "users" WHERE "users"."id" = ? LIMIT 1[0m  [["id", 1]]
  [1m[35mCACHE (0.0ms)[0m  SELECT  "users".* FROM "users" WHERE "users"."id" = ? LIMIT 1  [["id", 1]]
  Rendered posts/index.html.erb within layouts/application (20.4ms)
  Rendered layouts/_navigation.html.erb (0.7ms)
  Rendered layouts/_messages.html.erb (0.1ms)
Completed 200 OK in 32ms (Views: 30.8ms | ActiveRecord: 0.8ms)


Started GET "/" for 127.0.0.1 at 2018-04-16 20:59:12 -0400
Processing by PostsController#index as HTML
  [1m[36mPost Load (0.2ms)[0m  [1mSELECT "posts".* FROM "posts"[0m
  [1m[35mUser Load (0.1ms)[0m  SELECT  "users".* FROM "users" WHERE "users"."id" = ? LIMIT 1  [["id", 1]]
  [1m[36m (0.1ms)[0m  [1mSELECT COUNT(*) FROM "comments" WHERE "comments"."post_id" = ?[0m  [["post_id", 1]]
  [1m[35mCACHE (0.0ms)[0m  SELECT  "users".* FROM "users" WHERE "users"."id" = ? LIMIT 1  [["id", 1]]
  [1m[36m (0.1ms)[0m  [1mSELECT COUNT(*) FROM "comments" WHERE "comments"."post_id" = ?[0m  [["post_id", 2]]
  Rendered posts/index.html.erb within layouts/application (12.5ms)
  Rendered layouts/_navigation.html.erb (0.1ms)
  Rendered layouts/_messages.html.erb (0.1ms)
Completed 200 OK in 20ms (Views: 17.9ms | ActiveRecord: 0.7ms)


Started GET "/posts/1" for 127.0.0.1 at 2018-04-16 20:59:13 -0400

AbstractController::ActionNotFound (The action 'show' could not be found for PostsController):
  actionpack (4.2.10) lib/abstract_controller/base.rb:132:in `process'
  actionview (4.2.10) lib/action_view/rendering.rb:30:in `process'
  actionpack (4.2.10) lib/action_controller/metal.rb:196:in `dispatch'
  actionpack (4.2.10) lib/action_controller/metal/rack_delegation.rb:13:in `dispatch'
  actionpack (4.2.10) lib/action_controller/metal.rb:237:in `block in action'
  actionpack (4.2.10) lib/action_dispatch/routing/route_set.rb:74:in `dispatch'
  actionpack (4.2.10) lib/action_dispatch/routing/route_set.rb:43:in `serve'
  actionpack (4.2.10) lib/action_dispatch/journey/router.rb:43:in `block in serve'
  actionpack (4.2.10) lib/action_dispatch/journey/router.rb:30:in `each'
  actionpack (4.2.10) lib/action_dispatch/journey/router.rb:30:in `serve'
  actionpack (4.2.10) lib/action_dispatch/routing/route_set.rb:817:in `call'
  rack (1.6.9) lib/rack/etag.rb:24:in `call'
  rack (1.6.9) lib/rack/conditionalget.rb:25:in `call'
  rack (1.6.9) lib/rack/head.rb:13:in `call'
  actionpack (4.2.10) lib/action_dispatch/middleware/params_parser.rb:27:in `call'
  actionpack (4.2.10) lib/action_dispatch/middleware/flash.rb:260:in `call'
  rack (1.6.9) lib/rack/session/abstract/id.rb:225:in `context'
  rack (1.6.9) lib/rack/session/abstract/id.rb:220:in `call'
  actionpack (4.2.10) lib/action_dispatch/middleware/cookies.rb:560:in `call'
  activerecord (4.2.10) lib/active_record/query_cache.rb:36:in `call'
  activerecord (4.2.10) lib/active_record/connection_adapters/abstract/connection_pool.rb:653:in `call'
  activerecord (4.2.10) lib/active_record/migration.rb:377:in `call'
  actionpack (4.2.10) lib/action_dispatch/middleware/callbacks.rb:29:in `block in call'
  activesupport (4.2.10) lib/active_support/callbacks.rb:88:in `__run_callbacks__'
  activesupport (4.2.10) lib/active_support/callbacks.rb:778:in `_run_call_callbacks'
  activesupport (4.2.10) lib/active_support/callbacks.rb:81:in `run_callbacks'
  actionpack (4.2.10) lib/action_dispatch/middleware/callbacks.rb:27:in `call'
  actionpack (4.2.10) lib/action_dispatch/middleware/reloader.rb:73:in `call'
  actionpack (4.2.10) lib/action_dispatch/middleware/remote_ip.rb:78:in `call'
  actionpack (4.2.10) lib/action_dispatch/middleware/debug_exceptions.rb:17:in `call'
  actionpack (4.2.10) lib/action_dispatch/middleware/show_exceptions.rb:30:in `call'
  railties (4.2.10) lib/rails/rack/logger.rb:38:in `call_app'
  railties (4.2.10) lib/rails/rack/logger.rb:20:in `block in call'
  activesupport (4.2.10) lib/active_support/tagged_logging.rb:68:in `block in tagged'
  activesupport (4.2.10) lib/active_support/tagged_logging.rb:26:in `tagged'
  activesupport (4.2.10) lib/active_support/tagged_logging.rb:68:in `tagged'
  railties (4.2.10) lib/rails/rack/logger.rb:20:in `call'
  quiet_assets (1.1.0) lib/quiet_assets.rb:27:in `call_with_quiet_assets'
  actionpack (4.2.10) lib/action_dispatch/middleware/request_id.rb:21:in `call'
  rack (1.6.9) lib/rack/methodoverride.rb:22:in `call'
  rack (1.6.9) lib/rack/runtime.rb:18:in `call'
  activesupport (4.2.10) lib/active_support/cache/strategy/local_cache_middleware.rb:28:in `call'
  rack (1.6.9) lib/rack/lock.rb:17:in `call'
  actionpack (4.2.10) lib/action_dispatch/middleware/static.rb:120:in `call'
  rack (1.6.9) lib/rack/sendfile.rb:113:in `call'
  railties (4.2.10) lib/rails/engine.rb:518:in `call'
  railties (4.2.10) lib/rails/application.rb:165:in `call'
  rack (1.6.9) lib/rack/lock.rb:17:in `call'
  rack (1.6.9) lib/rack/content_length.rb:15:in `call'
  rack (1.6.9) lib/rack/handler/webrick.rb:88:in `service'
  /usr/share/rvm/rubies/ruby-2.4.1/lib/ruby/2.4.0/webrick/httpserver.rb:140:in `service'
  /usr/share/rvm/rubies/ruby-2.4.1/lib/ruby/2.4.0/webrick/httpserver.rb:96:in `run'
  /usr/share/rvm/rubies/ruby-2.4.1/lib/ruby/2.4.0/webrick/server.rb:290:in `block in start_thread'


  Rendered /home/andrew/.rvm/gems/ruby-2.4.1/gems/actionpack-4.2.10/lib/action_dispatch/middleware/templates/rescues/unknown_action.html.erb within rescues/layout (0.4ms)


Started GET "/" for 127.0.0.1 at 2018-04-16 20:59:15 -0400
Processing by PostsController#index as HTML
  [1m[35mPost Load (0.4ms)[0m  SELECT "posts".* FROM "posts"
  [1m[36mUser Load (0.1ms)[0m  [1mSELECT  "users".* FROM "users" WHERE "users"."id" = ? LIMIT 1[0m  [["id", 1]]
  [1m[35m (0.1ms)[0m  SELECT COUNT(*) FROM "comments" WHERE "comments"."post_id" = ?  [["post_id", 1]]
  [1m[36mCACHE (0.0ms)[0m  [1mSELECT  "users".* FROM "users" WHERE "users"."id" = ? LIMIT 1[0m  [["id", 1]]
  [1m[35m (0.1ms)[0m  SELECT COUNT(*) FROM "comments" WHERE "comments"."post_id" = ?  [["post_id", 2]]
  Rendered posts/index.html.erb within layouts/application (5.5ms)
  Rendered layouts/_navigation.html.erb (0.1ms)
  Rendered layouts/_messages.html.erb (0.1ms)
Completed 200 OK in 11ms (Views: 10.1ms | ActiveRecord: 0.7ms)


Started GET "/" for 127.0.0.1 at 2018-04-16 21:10:15 -0400
Processing by PostsController#index as HTML
  [1m[36mPost Load (0.1ms)[0m  [1mSELECT "posts".* FROM "posts"[0m
  [1m[35mCategory Load (0.3ms)[0m  SELECT "categories".* FROM "categories" INNER JOIN "post_categories" ON "categories"."id" = "post_categories"."category_id" WHERE "post_categories"."post_id" = ?  [["post_id", 1]]
  [1m[36mUser Load (0.1ms)[0m  [1mSELECT  "users".* FROM "users" WHERE "users"."id" = ? LIMIT 1[0m  [["id", 1]]
  [1m[35m (0.1ms)[0m  SELECT COUNT(*) FROM "comments" WHERE "comments"."post_id" = ?  [["post_id", 1]]
  [1m[36mCategory Load (0.1ms)[0m  [1mSELECT "categories".* FROM "categories" INNER JOIN "post_categories" ON "categories"."id" = "post_categories"."category_id" WHERE "post_categories"."post_id" = ?[0m  [["post_id", 2]]
  [1m[35mCACHE (0.0ms)[0m  SELECT  "users".* FROM "users" WHERE "users"."id" = ? LIMIT 1  [["id", 1]]
  [1m[36m (0.1ms)[0m  [1mSELECT COUNT(*) FROM "comments" WHERE "comments"."post_id" = ?[0m  [["post_id", 2]]
  Rendered posts/index.html.erb within layouts/application (24.7ms)
  Rendered layouts/_navigation.html.erb (0.1ms)
  Rendered layouts/_messages.html.erb (0.1ms)
Completed 200 OK in 34ms (Views: 31.9ms | ActiveRecord: 1.1ms)


Started GET "/" for 127.0.0.1 at 2018-04-16 21:19:16 -0400
Processing by PostsController#index as HTML
  [1m[35mPost Load (0.3ms)[0m  SELECT "posts".* FROM "posts"
  [1m[36mCategory Load (0.6ms)[0m  [1mSELECT "categories".* FROM "categories" INNER JOIN "post_categories" ON "categories"."id" = "post_categories"."category_id" WHERE "post_categories"."post_id" = ?[0m  [["post_id", 1]]
  [1m[35mUser Load (0.2ms)[0m  SELECT  "users".* FROM "users" WHERE "users"."id" = ? LIMIT 1  [["id", 1]]
  [1m[36m (0.1ms)[0m  [1mSELECT COUNT(*) FROM "comments" WHERE "comments"."post_id" = ?[0m  [["post_id", 1]]
  [1m[35mCategory Load (0.1ms)[0m  SELECT "categories".* FROM "categories" INNER JOIN "post_categories" ON "categories"."id" = "post_categories"."category_id" WHERE "post_categories"."post_id" = ?  [["post_id", 2]]
  [1m[36mCACHE (0.0ms)[0m  [1mSELECT  "users".* FROM "users" WHERE "users"."id" = ? LIMIT 1[0m  [["id", 1]]
  [1m[35m (0.0ms)[0m  SELECT COUNT(*) FROM "comments" WHERE "comments"."post_id" = ?  [["post_id", 2]]
  Rendered posts/index.html.erb within layouts/application (36.1ms)
  Rendered layouts/_navigation.html.erb (0.1ms)
  Rendered layouts/_messages.html.erb (0.3ms)
Completed 200 OK in 52ms (Views: 42.9ms | ActiveRecord: 2.4ms)


Started GET "/posts/1" for 127.0.0.1 at 2018-04-16 21:19:18 -0400
Processing by PostsController#show as HTML
  Parameters: {"id"=>"1"}
  [1m[36mPost Load (0.2ms)[0m  [1mSELECT  "posts".* FROM "posts" WHERE "posts"."id" = ? LIMIT 1[0m  [["id", 1]]
  [1m[35mCategory Load (0.2ms)[0m  SELECT "categories".* FROM "categories" INNER JOIN "post_categories" ON "categories"."id" = "post_categories"."category_id" WHERE "post_categories"."post_id" = ?  [["post_id", 1]]
  Rendered posts/show.html.erb within layouts/application (2.4ms)
  Rendered layouts/_navigation.html.erb (0.2ms)
  Rendered layouts/_messages.html.erb (0.1ms)
Completed 200 OK in 15ms (Views: 9.9ms | ActiveRecord: 0.3ms)


Started GET "/" for 127.0.0.1 at 2018-04-16 21:23:05 -0400
Processing by PostsController#index as HTML
  [1m[36mPost Load (0.4ms)[0m  [1mSELECT "posts".* FROM "posts"[0m
  [1m[35mCategory Load (5.6ms)[0m  SELECT "categories".* FROM "categories" INNER JOIN "post_categories" ON "categories"."id" = "post_categories"."category_id" WHERE "post_categories"."post_id" = ?  [["post_id", 1]]
  [1m[36mUser Load (0.1ms)[0m  [1mSELECT  "users".* FROM "users" WHERE "users"."id" = ? LIMIT 1[0m  [["id", 1]]
  [1m[35m (0.2ms)[0m  SELECT COUNT(*) FROM "comments" WHERE "comments"."post_id" = ?  [["post_id", 1]]
  [1m[36mCategory Load (0.1ms)[0m  [1mSELECT "categories".* FROM "categories" INNER JOIN "post_categories" ON "categories"."id" = "post_categories"."category_id" WHERE "post_categories"."post_id" = ?[0m  [["post_id", 2]]
  [1m[35mCACHE (0.0ms)[0m  SELECT  "users".* FROM "users" WHERE "users"."id" = ? LIMIT 1  [["id", 1]]
  [1m[36m (0.1ms)[0m  [1mSELECT COUNT(*) FROM "comments" WHERE "comments"."post_id" = ?[0m  [["post_id", 2]]
  Rendered posts/index.html.erb within layouts/application (41.1ms)
  Rendered layouts/_navigation.html.erb (0.1ms)
  Rendered layouts/_messages.html.erb (0.1ms)
Completed 200 OK in 64ms (Views: 44.7ms | ActiveRecord: 8.2ms)


Started GET "/posts/1" for 127.0.0.1 at 2018-04-16 21:23:07 -0400
Processing by PostsController#show as HTML
  Parameters: {"id"=>"1"}
  [1m[35mPost Load (0.2ms)[0m  SELECT  "posts".* FROM "posts" WHERE "posts"."id" = ? LIMIT 1  [["id", 1]]
  [1m[36mCategory Load (0.1ms)[0m  [1mSELECT "categories".* FROM "categories" INNER JOIN "post_categories" ON "categories"."id" = "post_categories"."category_id" WHERE "post_categories"."post_id" = ?[0m  [["post_id", 1]]
  Rendered shared/_content_title.html.erb (0.4ms)
  Rendered posts/show.html.erb within layouts/application (3.6ms)
  Rendered layouts/_navigation.html.erb (0.2ms)
  Rendered layouts/_messages.html.erb (0.1ms)
Completed 200 OK in 14ms (Views: 11.8ms | ActiveRecord: 0.3ms)


Started GET "/" for 127.0.0.1 at 2018-04-16 21:28:30 -0400
Processing by PostsController#index as HTML
  Rendered shared/_content_title.html.erb (0.0ms)
  [1m[35mPost Load (0.1ms)[0m  SELECT "posts".* FROM "posts"
  [1m[36mCategory Load (0.1ms)[0m  [1mSELECT "categories".* FROM "categories" INNER JOIN "post_categories" ON "categories"."id" = "post_categories"."category_id" WHERE "post_categories"."post_id" = ?[0m  [["post_id", 1]]
  [1m[35mUser Load (0.0ms)[0m  SELECT  "users".* FROM "users" WHERE "users"."id" = ? LIMIT 1  [["id", 1]]
  [1m[36m (0.1ms)[0m  [1mSELECT COUNT(*) FROM "comments" WHERE "comments"."post_id" = ?[0m  [["post_id", 1]]
  [1m[35mCategory Load (0.0ms)[0m  SELECT "categories".* FROM "categories" INNER JOIN "post_categories" ON "categories"."id" = "post_categories"."category_id" WHERE "post_categories"."post_id" = ?  [["post_id", 2]]
  [1m[36mCACHE (0.0ms)[0m  [1mSELECT  "users".* FROM "users" WHERE "users"."id" = ? LIMIT 1[0m  [["id", 1]]
  [1m[35m (0.0ms)[0m  SELECT COUNT(*) FROM "comments" WHERE "comments"."post_id" = ?  [["post_id", 2]]
  Rendered posts/index.html.erb within layouts/application (5.0ms)
  Rendered layouts/_navigation.html.erb (0.2ms)
  Rendered layouts/_messages.html.erb (0.1ms)
Completed 200 OK in 10ms (Views: 9.1ms | ActiveRecord: 0.4ms)


Started GET "/posts/1" for 127.0.0.1 at 2018-04-16 21:28:31 -0400
Processing by PostsController#show as HTML
  Parameters: {"id"=>"1"}
  [1m[36mPost Load (0.1ms)[0m  [1mSELECT  "posts".* FROM "posts" WHERE "posts"."id" = ? LIMIT 1[0m  [["id", 1]]
  [1m[35mCategory Load (0.1ms)[0m  SELECT "categories".* FROM "categories" INNER JOIN "post_categories" ON "categories"."id" = "post_categories"."category_id" WHERE "post_categories"."post_id" = ?  [["post_id", 1]]
  Rendered categories/_category.html.erb (0.4ms)
  Rendered shared/_content_title.html.erb (0.0ms)
  Rendered posts/show.html.erb within layouts/application (4.2ms)
  Rendered layouts/_navigation.html.erb (0.2ms)
  Rendered layouts/_messages.html.erb (0.1ms)
Completed 200 OK in 11ms (Views: 10.2ms | ActiveRecord: 0.3ms)


Started GET "/" for 127.0.0.1 at 2018-04-16 21:29:27 -0400
Processing by PostsController#index as HTML
  Rendered shared/_content_title.html.erb (0.1ms)
  [1m[36mPost Load (0.2ms)[0m  [1mSELECT "posts".* FROM "posts"[0m
  Rendered posts/index.html.erb within layouts/application (7.4ms)
Completed 500 Internal Server Error in 9ms (ActiveRecord: 0.2ms)

ActionView::Template::Error (undefined method `categories' for nil:NilClass):
    3: <% @posts.each do |post| %>
    4:   <div class="row">
    5:     <div class="span8 well">
    6:       <% render @post.categories %>
    7:       <h4><%= post.title %></h4>
    8:       <p><%= post.description %></p>
    9:       <p>
  app/views/posts/index.html.erb:6:in `block in _app_views_posts_index_html_erb___2309052712378517760_28730640'
  app/views/posts/index.html.erb:3:in `_app_views_posts_index_html_erb___2309052712378517760_28730640'


  Rendered /home/andrew/.rvm/gems/ruby-2.4.1/gems/actionpack-4.2.10/lib/action_dispatch/middleware/templates/rescues/_source.erb (10.7ms)
  Rendered /home/andrew/.rvm/gems/ruby-2.4.1/gems/actionpack-4.2.10/lib/action_dispatch/middleware/templates/rescues/_trace.html.erb (3.3ms)
  Rendered /home/andrew/.rvm/gems/ruby-2.4.1/gems/actionpack-4.2.10/lib/action_dispatch/middleware/templates/rescues/_request_and_response.html.erb (1.2ms)
  Rendered /home/andrew/.rvm/gems/ruby-2.4.1/gems/actionpack-4.2.10/lib/action_dispatch/middleware/templates/rescues/template_error.html.erb within rescues/layout (31.6ms)


Started GET "/" for 127.0.0.1 at 2018-04-16 21:29:50 -0400
Processing by PostsController#index as HTML
  Rendered shared/_content_title.html.erb (0.0ms)
  [1m[35mPost Load (0.1ms)[0m  SELECT "posts".* FROM "posts"
  Rendered posts/index.html.erb within layouts/application (2.5ms)
Completed 500 Internal Server Error in 4ms (ActiveRecord: 0.1ms)

ActionView::Template::Error (undefined method `categories' for nil:NilClass):
    3: <% @posts.each do |post| %>
    4:   <div class="row">
    5:     <div class="span8 well">
    6:       <%= render @post.categories %>
    7:       <h4><%= post.title %></h4>
    8:       <p><%= post.description %></p>
    9:       <p>
  app/views/posts/index.html.erb:6:in `block in _app_views_posts_index_html_erb___2309052712378517760_70265733385620'
  app/views/posts/index.html.erb:3:in `_app_views_posts_index_html_erb___2309052712378517760_70265733385620'


  Rendered /home/andrew/.rvm/gems/ruby-2.4.1/gems/actionpack-4.2.10/lib/action_dispatch/middleware/templates/rescues/_source.erb (4.2ms)
  Rendered /home/andrew/.rvm/gems/ruby-2.4.1/gems/actionpack-4.2.10/lib/action_dispatch/middleware/templates/rescues/_trace.html.erb (1.8ms)
  Rendered /home/andrew/.rvm/gems/ruby-2.4.1/gems/actionpack-4.2.10/lib/action_dispatch/middleware/templates/rescues/_request_and_response.html.erb (0.6ms)
  Rendered /home/andrew/.rvm/gems/ruby-2.4.1/gems/actionpack-4.2.10/lib/action_dispatch/middleware/templates/rescues/template_error.html.erb within rescues/layout (17.0ms)


Started GET "/" for 127.0.0.1 at 2018-04-16 21:31:23 -0400
Processing by PostsController#index as HTML
  Rendered shared/_content_title.html.erb (0.1ms)
  [1m[36mPost Load (0.2ms)[0m  [1mSELECT "posts".* FROM "posts"[0m
  [1m[35mCategory Load (0.1ms)[0m  SELECT "categories".* FROM "categories" INNER JOIN "post_categories" ON "categories"."id" = "post_categories"."category_id" WHERE "post_categories"."post_id" = ?  [["post_id", 1]]
  Rendered categories/_category.html.erb (0.1ms)
  [1m[36mUser Load (0.1ms)[0m  [1mSELECT  "users".* FROM "users" WHERE "users"."id" = ? LIMIT 1[0m  [["id", 1]]
  [1m[35m (0.2ms)[0m  SELECT COUNT(*) FROM "comments" WHERE "comments"."post_id" = ?  [["post_id", 1]]
  [1m[36mCategory Load (0.2ms)[0m  [1mSELECT "categories".* FROM "categories" INNER JOIN "post_categories" ON "categories"."id" = "post_categories"."category_id" WHERE "post_categories"."post_id" = ?[0m  [["post_id", 2]]
  Rendered categories/_category.html.erb (0.2ms)
  [1m[35mCACHE (0.0ms)[0m  SELECT  "users".* FROM "users" WHERE "users"."id" = ? LIMIT 1  [["id", 1]]
  [1m[36m (0.2ms)[0m  [1mSELECT COUNT(*) FROM "comments" WHERE "comments"."post_id" = ?[0m  [["post_id", 2]]
  Rendered posts/index.html.erb within layouts/application (16.3ms)
  Rendered layouts/_navigation.html.erb (0.1ms)
  Rendered layouts/_messages.html.erb (0.0ms)
Completed 200 OK in 22ms (Views: 20.4ms | ActiveRecord: 0.8ms)


Started GET "/posts/1" for 127.0.0.1 at 2018-04-16 21:31:25 -0400
Processing by PostsController#show as HTML
  Parameters: {"id"=>"1"}
  [1m[35mPost Load (0.1ms)[0m  SELECT  "posts".* FROM "posts" WHERE "posts"."id" = ? LIMIT 1  [["id", 1]]
  [1m[36mCategory Load (0.1ms)[0m  [1mSELECT "categories".* FROM "categories" INNER JOIN "post_categories" ON "categories"."id" = "post_categories"."category_id" WHERE "post_categories"."post_id" = ?[0m  [["post_id", 1]]
  Rendered categories/_category.html.erb (0.1ms)
  Rendered shared/_content_title.html.erb (0.0ms)
  Rendered posts/show.html.erb within layouts/application (2.7ms)
  Rendered layouts/_navigation.html.erb (0.2ms)
  Rendered layouts/_messages.html.erb (0.1ms)
Completed 200 OK in 9ms (Views: 8.0ms | ActiveRecord: 0.2ms)


Started GET "/" for 127.0.0.1 at 2018-04-16 21:32:01 -0400
Processing by PostsController#index as HTML
  Rendered shared/_content_title.html.erb (0.0ms)
  [1m[35mPost Load (0.3ms)[0m  SELECT "posts".* FROM "posts"
  [1m[36mCategory Load (0.2ms)[0m  [1mSELECT "categories".* FROM "categories" INNER JOIN "post_categories" ON "categories"."id" = "post_categories"."category_id" WHERE "post_categories"."post_id" = ?[0m  [["post_id", 1]]
  Rendered categories/_category.html.erb (0.3ms)
  [1m[35mUser Load (0.1ms)[0m  SELECT  "users".* FROM "users" WHERE "users"."id" = ? LIMIT 1  [["id", 1]]
  [1m[36m (0.2ms)[0m  [1mSELECT COUNT(*) FROM "comments" WHERE "comments"."post_id" = ?[0m  [["post_id", 1]]
  [1m[35mCategory Load (0.2ms)[0m  SELECT "categories".* FROM "categories" INNER JOIN "post_categories" ON "categories"."id" = "post_categories"."category_id" WHERE "post_categories"."post_id" = ?  [["post_id", 2]]
  Rendered categories/_category.html.erb (0.3ms)
  [1m[36mCACHE (0.0ms)[0m  [1mSELECT  "users".* FROM "users" WHERE "users"."id" = ? LIMIT 1[0m  [["id", 1]]
  [1m[35m (0.2ms)[0m  SELECT COUNT(*) FROM "comments" WHERE "comments"."post_id" = ?  [["post_id", 2]]
  Rendered posts/index.html.erb within layouts/application (16.2ms)
  Rendered layouts/_navigation.html.erb (0.2ms)
  Rendered layouts/_messages.html.erb (0.1ms)
Completed 200 OK in 25ms (Views: 23.2ms | ActiveRecord: 1.2ms)
